[INFO] Scanning for projects...
[INFO] 
[INFO] --------------------------< com.example:demo >--------------------------
[INFO] Building Bootcamp Java Spring 0.0.1-SNAPSHOT
[INFO]   from pom.xml
[INFO] --------------------------------[ jar ]---------------------------------
[INFO] 
[INFO] --- resources:3.3.1:resources (default-resources) @ demo ---
[INFO] Copying 1 resource from src\main\resources to target\classes
[INFO] Copying 1 resource from src\main\resources to target\classes
[INFO] 
[INFO] --- compiler:3.13.0:compile (default-compile) @ demo ---
[INFO] Nothing to compile - all classes are up to date.
[INFO] 
[INFO] --- spotless:2.43.0:check (default) @ demo ---
[INFO] Spotless.Java is keeping 155 files clean - 0 needs changes to be clean, 0 were already clean, 155 were skipped because caching determined they were already clean
[INFO] 
[INFO] --- resources:3.3.1:testResources (default-testResources) @ demo ---
[INFO] Copying 1 resource from src\test\resources to target\test-classes
[INFO] 
[INFO] --- compiler:3.13.0:testCompile (default-testCompile) @ demo ---
[INFO] Nothing to compile - all classes are up to date.
[INFO] 
[INFO] --- surefire:3.5.2:test (default-test) @ demo ---
[INFO] Using auto detected provider org.apache.maven.surefire.junitplatform.JUnitPlatformProvider
[INFO] 
[INFO] -------------------------------------------------------
[INFO]  T E S T S
[INFO] -------------------------------------------------------
[INFO] Running com.example.demo.service.AccessControlServiceTest
Mockito is currently self-attaching to enable the inline-mock-maker. This will no longer work in future releases of the JDK. Please add Mockito as an agent to your build what is described in Mockito's documentation: https://javadoc.io/doc/org.mockito/mockito-core/latest/org/mockito/Mockito.html#0.3
WARNING: A Java agent has been loaded dynamically (C:\Users\Andrew\.m2\repository\net\bytebuddy\byte-buddy-agent\1.15.11\byte-buddy-agent-1.15.11.jar)
WARNING: If a serviceability tool is in use, please run with -XX:+EnableDynamicAgentLoading to hide this warning
WARNING: If a serviceability tool is not in use, please run with -Djdk.instrument.traceUsage for more information
WARNING: Dynamic loading of agents will be disallowed by default in a future release
Java HotSpot(TM) 64-Bit Server VM warning: Sharing is only supported for boot loader classes because bootstrap classpath has been appended
[INFO] Tests run: 2, Failures: 0, Errors: 0, Skipped: 0, Time elapsed: 2.165 s -- in com.example.demo.service.AccessControlServiceTest
[INFO] Running com.example.demo.service.AuthServiceTest
09:47:46.357 [main] INFO com.example.demo.service.AuthService -- Login attempt for: testuser
09:47:46.364 [main] WARN com.example.demo.service.AuthService -- No FCM Token received in login request
09:47:46.430 [main] INFO com.example.demo.service.AuthService -- Login attempt for: testuser
09:47:46.430 [main] WARN com.example.demo.service.AuthService -- No FCM Token received in login request
[ERROR] Tests run: 8, Failures: 1, Errors: 1, Skipped: 0, Time elapsed: 0.749 s <<< FAILURE! -- in com.example.demo.service.AuthServiceTest
[ERROR] com.example.demo.service.AuthServiceTest.logout_ShouldBlacklistToken -- Time elapsed: 0.020 s <<< ERROR!
java.lang.NullPointerException: temporal
	at java.base/java.util.Objects.requireNonNull(Objects.java:259)
	at java.base/java.time.Instant.from(Instant.java:374)
	at java.base/java.time.Instant.until(Instant.java:1148)
	at java.base/java.time.Duration.between(Duration.java:490)
	at com.example.demo.service.AuthService.logout(AuthService.java:260)
	at com.example.demo.service.AuthServiceTest.logout_ShouldBlacklistToken(AuthServiceTest.java:156)
	at java.base/java.lang.reflect.Method.invoke(Method.java:580)
	at java.base/java.util.ArrayList.forEach(ArrayList.java:1596)
	at java.base/java.util.ArrayList.forEach(ArrayList.java:1596)

[ERROR] com.example.demo.service.AuthServiceTest.login_WhenUserNotActive_ShouldThrowException -- Time elapsed: 0.014 s <<< FAILURE!
org.opentest4j.AssertionFailedError: Expected java.lang.RuntimeException to be thrown, but nothing was thrown.
	at org.junit.jupiter.api.AssertionFailureBuilder.build(AssertionFailureBuilder.java:152)
	at org.junit.jupiter.api.AssertThrows.assertThrows(AssertThrows.java:73)
	at org.junit.jupiter.api.AssertThrows.assertThrows(AssertThrows.java:35)
	at org.junit.jupiter.api.Assertions.assertThrows(Assertions.java:3128)
	at com.example.demo.service.AuthServiceTest.login_WhenUserNotActive_ShouldThrowException(AuthServiceTest.java:131)
	at java.base/java.lang.reflect.Method.invoke(Method.java:580)
	at java.base/java.util.ArrayList.forEach(ArrayList.java:1596)
	at java.base/java.util.ArrayList.forEach(ArrayList.java:1596)

[INFO] Running com.example.demo.service.LoanApplicationServiceTest
[INFO] Tests run: 6, Failures: 0, Errors: 0, Skipped: 0, Time elapsed: 0.394 s -- in com.example.demo.service.LoanApplicationServiceTest
[INFO] Running com.example.demo.service.LoanEligibilityServiceTest
09:47:46.975 [main] INFO com.example.demo.service.LoanEligibilityService -- Assigned Bronze product to user 1
09:47:46.990 [main] INFO com.example.demo.service.LoanEligibilityService -- Loan 100 marked as paid for user 1
09:47:47.003 [main] INFO com.example.demo.service.LoanEligibilityService -- User 1 upgraded from Bronze to Silver
[INFO] Tests run: 8, Failures: 0, Errors: 0, Skipped: 0, Time elapsed: 0.140 s -- in com.example.demo.service.LoanEligibilityServiceTest
[INFO] Running com.example.demo.service.LoanWorkflowServiceTest
09:47:47.415 [main] INFO com.example.demo.service.LoanWorkflowService -- Loan application 100 action APPROVE performed by user 2: WAITING_APPROVAL -> APPROVED_WAITING_DISBURSEMENT
09:47:47.425 [main] INFO com.example.demo.service.LoanWorkflowService -- Loan application 100 action REJECT performed by user 2: WAITING_APPROVAL -> REJECTED
09:47:47.439 [main] INFO com.example.demo.service.LoanWorkflowService -- Loan application null submitted by user 1 for amount 1000000.0 (Tier: Bronze)
09:47:47.446 [main] INFO com.example.demo.service.LoanWorkflowService -- Loan application 100 action COMMENT performed by user 2: SUBMITTED -> IN_REVIEW
09:47:47.457 [main] INFO com.example.demo.service.LoanWorkflowService -- Loan application 100 action FORWARD_TO_MANAGER performed by user 2: IN_REVIEW -> WAITING_APPROVAL
09:47:47.470 [main] INFO com.example.demo.service.LoanWorkflowService -- Loan application 100 action DISBURSE performed by user 2: APPROVED_WAITING_DISBURSEMENT -> DISBURSED
[INFO] Tests run: 8, Failures: 0, Errors: 0, Skipped: 0, Time elapsed: 0.457 s -- in com.example.demo.service.LoanWorkflowServiceTest
[INFO] Running com.example.demo.service.ProductServiceTest
[INFO] Tests run: 8, Failures: 0, Errors: 0, Skipped: 0, Time elapsed: 0.038 s -- in com.example.demo.service.ProductServiceTest
[INFO] Running com.example.demo.service.RbacServiceTest
[ERROR] Tests run: 3, Failures: 1, Errors: 1, Skipped: 0, Time elapsed: 0.072 s <<< FAILURE! -- in com.example.demo.service.RbacServiceTest
[ERROR] com.example.demo.service.RbacServiceTest.getAllRolesWithSummary_ShouldReturnPaginatedRoles -- Time elapsed: 0.020 s <<< ERROR!
java.lang.NullPointerException: Cannot invoke "org.springframework.data.domain.Page.map(java.util.function.Function)" because "rolesPage" is null
	at com.example.demo.service.RbacService.getAllRolesWithSummary(RbacService.java:138)
	at com.example.demo.service.RbacServiceTest.getAllRolesWithSummary_ShouldReturnPaginatedRoles(RbacServiceTest.java:84)
	at java.base/java.lang.reflect.Method.invoke(Method.java:580)
	at java.base/java.util.ArrayList.forEach(ArrayList.java:1596)
	at java.base/java.util.ArrayList.forEach(ArrayList.java:1596)

[ERROR] com.example.demo.service.RbacServiceTest.updateRoleAccess_ShouldAddAndRemoveMenus -- Time elapsed: 0.037 s <<< FAILURE!
Wanted but not invoked:
roleMenuRepository.saveAll(<any List>);
-> at com.example.demo.service.RbacServiceTest.updateRoleAccess_ShouldAddAndRemoveMenus(RbacServiceTest.java:76)

However, there were exactly 2 interactions with this mock:
roleMenuRepository.findByRoleId(1L);
-> at com.example.demo.service.RbacService.updateRoleAccess(RbacService.java:192)

roleMenuRepository.findByRoleId(1L);
-> at com.example.demo.service.RbacService.getRoleAccess(RbacService.java:153)


	at com.example.demo.service.RbacServiceTest.updateRoleAccess_ShouldAddAndRemoveMenus(RbacServiceTest.java:76)
	at java.base/java.lang.reflect.Method.invoke(Method.java:580)
	at java.base/java.util.ArrayList.forEach(ArrayList.java:1596)
	at java.base/java.util.ArrayList.forEach(ArrayList.java:1596)

[INFO] Running com.example.demo.service.UserServiceTest
[INFO] Tests run: 8, Failures: 0, Errors: 0, Skipped: 0, Time elapsed: 0.054 s -- in com.example.demo.service.UserServiceTest
[INFO] 
[INFO] Results:
[INFO] 
[ERROR] Failures: 
[ERROR]   AuthServiceTest.login_WhenUserNotActive_ShouldThrowException:131 Expected java.lang.RuntimeException to be thrown, but nothing was thrown.
[ERROR]   RbacServiceTest.updateRoleAccess_ShouldAddAndRemoveMenus:76 
Wanted but not invoked:
roleMenuRepository.saveAll(<any List>);
-> at com.example.demo.service.RbacServiceTest.updateRoleAccess_ShouldAddAndRemoveMenus(RbacServiceTest.java:76)

However, there were exactly 2 interactions with this mock:
roleMenuRepository.findByRoleId(1L);
-> at com.example.demo.service.RbacService.updateRoleAccess(RbacService.java:192)

roleMenuRepository.findByRoleId(1L);
-> at com.example.demo.service.RbacService.getRoleAccess(RbacService.java:153)


[ERROR] Errors: 
[ERROR]   AuthServiceTest.logout_ShouldBlacklistToken:156 ╗ NullPointer temporal
[ERROR]   RbacServiceTest.getAllRolesWithSummary_ShouldReturnPaginatedRoles:84 ╗ NullPointer Cannot invoke "org.springframework.data.domain.Page.map(java.util.function.Function)" because "rolesPage" is null
[INFO] 
[ERROR] Tests run: 51, Failures: 2, Errors: 2, Skipped: 0
[INFO] 
[INFO] ------------------------------------------------------------------------
[INFO] BUILD FAILURE
[INFO] ------------------------------------------------------------------------
[INFO] Total time:  9.976 s
[INFO] Finished at: 2026-02-02T09:47:47+07:00
[INFO] ------------------------------------------------------------------------
[ERROR] Failed to execute goal org.apache.maven.plugins:maven-surefire-plugin:3.5.2:test (default-test) on project demo: There are test failures.
[ERROR] 
[ERROR] See C:\Users\Andrew\Desktop\Bootcamp\Spring Java Bootcamp\Java Spring Bootcamp\target\surefire-reports for the individual test results.
[ERROR] See dump files (if any exist) [date].dump, [date]-jvmRun[N].dump and [date].dumpstream.
[ERROR] -> [Help 1]
[ERROR] 
[ERROR] To see the full stack trace of the errors, re-run Maven with the -e switch.
[ERROR] Re-run Maven using the -X switch to enable full debug logging.
[ERROR] 
[ERROR] For more information about the errors and possible solutions, please read the following articles:
[ERROR] [Help 1] http://cwiki.apache.org/confluence/display/MAVEN/MojoFailureException
